Removed Pin From Net: NetName=SEG0 Pin=DD1-8
Removed Pin From Net: NetName=SEG1 Pin=DD1-19
Removed Pin From Net: NetName=SEG3 Pin=DD1-21
Removed Pin From Net: NetName=SEG4 Pin=DD1-22
Removed Pin From Net: NetName=SEG5 Pin=DD1-23
Removed Pin From Net: NetName=SEG6 Pin=DD1-24
Removed Pin From Net: NetName=SEG7 Pin=DD1-25
Removed Pin From Net: NetName=SEG8 Pin=DD1-27
Removed Pin From Net: NetName=SEG9 Pin=DD1-28
Removed Pin From Net: NetName=SEG10 Pin=DD1-31
Removed Pin From Net: NetName=SEG11 Pin=DD1-32
Removed Pin From Net: NetName=SEG12 Pin=DD1-33
Removed Pin From Net: NetName=SEG13 Pin=DD1-34
Removed Pin From Net: NetName=SEG14 Pin=DD1-35
Removed Pin From Net: NetName=SEG15 Pin=DD1-36
Removed Pin From Net: NetName=PWM_Pulse1 Pin=DD1-45
Removed Pin From Net: NetName=PWM_Pulse2 Pin=DD1-46
Removed Pin From Net: NetName=Enable2 Pin=DD1-47
Removed Pin From Net: NetName=Enable1 Pin=DD1-48
Added Pin To Net: NetName=SEG3 Pin=DD1-19
Added Pin To Net: NetName=SEG1 Pin=DD1-21
Added Pin To Net: NetName=SEG0 Pin=DD1-22
Added Pin To Net: NetName=Enable1 Pin=DD1-23
Added Pin To Net: NetName=Enable2 Pin=DD1-24
Added Pin To Net: NetName=PWM_Pulse2 Pin=DD1-25
Added Pin To Net: NetName=PWM_Pulse1 Pin=DD1-27
Added Pin To Net: NetName=SEG15 Pin=DD1-31
Added Pin To Net: NetName=SEG14 Pin=DD1-32
Added Pin To Net: NetName=SEG13 Pin=DD1-33
Added Pin To Net: NetName=SEG12 Pin=DD1-34
Added Pin To Net: NetName=SEG11 Pin=DD1-35
Added Pin To Net: NetName=SEG10 Pin=DD1-36
Added Pin To Net: NetName=SEG9 Pin=DD1-37
Added Pin To Net: NetName=SEG8 Pin=DD1-38
Added Pin To Net: NetName=SEG7 Pin=DD1-45
Added Pin To Net: NetName=SEG6 Pin=DD1-46
Added Pin To Net: NetName=SEG5 Pin=DD1-47
Added Pin To Net: NetName=SEG4 Pin=DD1-48
Added Member To Class: ClassName=SmartValve Member=Component 1 3xAA
