Added Component: Designator=LCD1(LCD_8x16)
Add component. Clean all parameters for all variants
Added Pin To Net: NetName=COM8 Pin=LCD1-1
Added Pin To Net: NetName=COM7 Pin=LCD1-2
Added Pin To Net: NetName=COM6 Pin=LCD1-3
Added Pin To Net: NetName=COM5 Pin=LCD1-4
Added Pin To Net: NetName=COM4 Pin=LCD1-5
Added Pin To Net: NetName=COM3 Pin=LCD1-6
Added Pin To Net: NetName=COM2 Pin=LCD1-7
Added Pin To Net: NetName=COM1 Pin=LCD1-8
Added Pin To Net: NetName=SEG0 Pin=LCD1-9
Added Pin To Net: NetName=SEG1 Pin=LCD1-10
Added Pin To Net: NetName=SEG2 Pin=LCD1-11
Added Pin To Net: NetName=SEG3 Pin=LCD1-12
Added Pin To Net: NetName=SEG4 Pin=LCD1-13
Added Pin To Net: NetName=SEG5 Pin=LCD1-14
Added Pin To Net: NetName=SEG6 Pin=LCD1-15
Added Pin To Net: NetName=SEG7 Pin=LCD1-16
Added Pin To Net: NetName=SEG8 Pin=LCD1-17
Added Pin To Net: NetName=SEG9 Pin=LCD1-18
Added Pin To Net: NetName=SEG10 Pin=LCD1-19
Added Pin To Net: NetName=SEG11 Pin=LCD1-20
Added Pin To Net: NetName=SEG12 Pin=LCD1-21
Added Pin To Net: NetName=SEG13 Pin=LCD1-22
Added Pin To Net: NetName=SEG14 Pin=LCD1-23
Added Pin To Net: NetName=SEG15 Pin=LCD1-24
Added Member To Class: ClassName=SmartValve Member=Component LCD1 8x16
