Added Component: Designator=R12(RC0402)
Add component. Clean all parameters for all variants
Add component (AddParameter): Name = "AnalogDB"; Value = "0402-10K-1%"; VariantName = "[No Variations]"
Add component (AddParameter): Name = "ComponentHeight"; Value = "0.35mm"; VariantName = "[No Variations]"
Add component (AddParameter): Name = "ComponentLink1Description"; Value = "Manufacturer"; VariantName = "[No Variations]"
Add component (AddParameter): Name = "ComponentLink1URL"; Value = "http://www.yageo.com/"; VariantName = "[No Variations]"
Add component (AddParameter): Name = "ComponentLink2Description"; Value = "Datasheet"; VariantName = "[No Variations]"
Add component (AddParameter): Name = "ComponentLink2URL"; Value = "\\192.168.11.60\BolidLibrary\Altium\Database\Datasheets\845136600.pdf"; VariantName = "[No Variations]"
Add component (AddParameter): Name = "ComponentLink3Description"; Value = "Datasheet 2"; VariantName = "[No Variations]"
Add component (AddParameter): Name = "ComponentLink4Description"; Value = "Datasheet 3"; VariantName = "[No Variations]"
Add component (AddParameter): Name = "ComponentVersion"; Value = "0"; VariantName = "[No Variations]"
Add component (AddParameter): Name = "Creator"; Value = "Турнаев С.С."; VariantName = "[No Variations]"
Add component (AddParameter): Name = "Developer_ID"; Value = "155833251"; VariantName = "[No Variations]"
Add component (AddParameter): Name = "DeveloperMnemocod"; Value = "0402-10K-5%"; VariantName = "[No Variations]"
Add component (AddParameter): Name = "DeveloperRecomend"; Value = "Желательно"; VariantName = "[No Variations]"
Add component (AddParameter): Name = "Manufacturer"; Value = "Yageo"; VariantName = "[No Variations]"
Add component (AddParameter): Name = "MaxWorkingVoltage"; Value = "50V"; VariantName = "[No Variations]"
Add component (AddParameter): Name = "Name"; Value = "0402-10K-5%"; VariantName = "[No Variations]"
Add component (AddParameter): Name = "Note"; Value = ""; VariantName = "[No Variations]"
Add component (AddParameter): Name = "Part Number"; Value = "0402-10K-5%"; VariantName = "[No Variations]"
Add component (AddParameter): Name = "PatternVersion"; Value = "1"; VariantName = "[No Variations]"
Add component (AddParameter): Name = "PowerDiss"; Value = "0.0625 W"; VariantName = "[No Variations]"
Add component (AddParameter): Name = "TemperatureCoef"; Value = "±100 ppm/°C"; VariantName = "[No Variations]"
Add component (AddParameter): Name = "TempRange"; Value = "-55..+155°C"; VariantName = "[No Variations]"
Add component (AddParameter): Name = "Tolerance"; Value = "±5%"; VariantName = "[No Variations]"
Add component (AddParameter): Name = "Value"; Value = "10k"; VariantName = "[No Variations]"
Added Component: Designator=R13(RC0402)
Add component. Clean all parameters for all variants
Add component (AddParameter): Name = "AnalogDB"; Value = "0402-10K-1%"; VariantName = "[No Variations]"
Add component (AddParameter): Name = "ComponentHeight"; Value = "0.35mm"; VariantName = "[No Variations]"
Add component (AddParameter): Name = "ComponentLink1Description"; Value = "Manufacturer"; VariantName = "[No Variations]"
Add component (AddParameter): Name = "ComponentLink1URL"; Value = "http://www.yageo.com/"; VariantName = "[No Variations]"
Add component (AddParameter): Name = "ComponentLink2Description"; Value = "Datasheet"; VariantName = "[No Variations]"
Add component (AddParameter): Name = "ComponentLink2URL"; Value = "\\192.168.11.60\BolidLibrary\Altium\Database\Datasheets\845136600.pdf"; VariantName = "[No Variations]"
Add component (AddParameter): Name = "ComponentLink3Description"; Value = "Datasheet 2"; VariantName = "[No Variations]"
Add component (AddParameter): Name = "ComponentLink4Description"; Value = "Datasheet 3"; VariantName = "[No Variations]"
Add component (AddParameter): Name = "ComponentVersion"; Value = "0"; VariantName = "[No Variations]"
Add component (AddParameter): Name = "Creator"; Value = "Турнаев С.С."; VariantName = "[No Variations]"
Add component (AddParameter): Name = "Developer_ID"; Value = "155833251"; VariantName = "[No Variations]"
Add component (AddParameter): Name = "DeveloperMnemocod"; Value = "0402-10K-5%"; VariantName = "[No Variations]"
Add component (AddParameter): Name = "DeveloperRecomend"; Value = "Желательно"; VariantName = "[No Variations]"
Add component (AddParameter): Name = "Manufacturer"; Value = "Yageo"; VariantName = "[No Variations]"
Add component (AddParameter): Name = "MaxWorkingVoltage"; Value = "50V"; VariantName = "[No Variations]"
Add component (AddParameter): Name = "Name"; Value = "0402-10K-5%"; VariantName = "[No Variations]"
Add component (AddParameter): Name = "Note"; Value = ""; VariantName = "[No Variations]"
Add component (AddParameter): Name = "Part Number"; Value = "0402-10K-5%"; VariantName = "[No Variations]"
Add component (AddParameter): Name = "PatternVersion"; Value = "1"; VariantName = "[No Variations]"
Add component (AddParameter): Name = "PowerDiss"; Value = "0.0625 W"; VariantName = "[No Variations]"
Add component (AddParameter): Name = "TemperatureCoef"; Value = "±100 ppm/°C"; VariantName = "[No Variations]"
Add component (AddParameter): Name = "TempRange"; Value = "-55..+155°C"; VariantName = "[No Variations]"
Add component (AddParameter): Name = "Tolerance"; Value = "±5%"; VariantName = "[No Variations]"
Add component (AddParameter): Name = "Value"; Value = "10k"; VariantName = "[No Variations]"
Added Component: Designator=R14(RC0402)
Add component. Clean all parameters for all variants
Add component (AddParameter): Name = "AnalogDB"; Value = "0402-10K-1%"; VariantName = "[No Variations]"
Add component (AddParameter): Name = "ComponentHeight"; Value = "0.35mm"; VariantName = "[No Variations]"
Add component (AddParameter): Name = "ComponentLink1Description"; Value = "Manufacturer"; VariantName = "[No Variations]"
Add component (AddParameter): Name = "ComponentLink1URL"; Value = "http://www.yageo.com/"; VariantName = "[No Variations]"
Add component (AddParameter): Name = "ComponentLink2Description"; Value = "Datasheet"; VariantName = "[No Variations]"
Add component (AddParameter): Name = "ComponentLink2URL"; Value = "\\192.168.11.60\BolidLibrary\Altium\Database\Datasheets\845136600.pdf"; VariantName = "[No Variations]"
Add component (AddParameter): Name = "ComponentLink3Description"; Value = "Datasheet 2"; VariantName = "[No Variations]"
Add component (AddParameter): Name = "ComponentLink4Description"; Value = "Datasheet 3"; VariantName = "[No Variations]"
Add component (AddParameter): Name = "ComponentVersion"; Value = "0"; VariantName = "[No Variations]"
Add component (AddParameter): Name = "Creator"; Value = "Турнаев С.С."; VariantName = "[No Variations]"
Add component (AddParameter): Name = "Developer_ID"; Value = "155833251"; VariantName = "[No Variations]"
Add component (AddParameter): Name = "DeveloperMnemocod"; Value = "0402-10K-5%"; VariantName = "[No Variations]"
Add component (AddParameter): Name = "DeveloperRecomend"; Value = "Желательно"; VariantName = "[No Variations]"
Add component (AddParameter): Name = "Manufacturer"; Value = "Yageo"; VariantName = "[No Variations]"
Add component (AddParameter): Name = "MaxWorkingVoltage"; Value = "50V"; VariantName = "[No Variations]"
Add component (AddParameter): Name = "Name"; Value = "0402-10K-5%"; VariantName = "[No Variations]"
Add component (AddParameter): Name = "Note"; Value = ""; VariantName = "[No Variations]"
Add component (AddParameter): Name = "Part Number"; Value = "0402-10K-5%"; VariantName = "[No Variations]"
Add component (AddParameter): Name = "PatternVersion"; Value = "1"; VariantName = "[No Variations]"
Add component (AddParameter): Name = "PowerDiss"; Value = "0.0625 W"; VariantName = "[No Variations]"
Add component (AddParameter): Name = "TemperatureCoef"; Value = "±100 ppm/°C"; VariantName = "[No Variations]"
Add component (AddParameter): Name = "TempRange"; Value = "-55..+155°C"; VariantName = "[No Variations]"
Add component (AddParameter): Name = "Tolerance"; Value = "±5%"; VariantName = "[No Variations]"
Add component (AddParameter): Name = "Value"; Value = "10k"; VariantName = "[No Variations]"
Added Pin To Net: NetName=OFF_MAN Pin=R12-1
Added Pin To Net: NetName=GND Pin=R12-2
Added Pin To Net: NetName=RAIN_SETUP Pin=R13-1
Added Pin To Net: NetName=GND Pin=R13-2
Added Pin To Net: NetName=+_- Pin=R14-1
Added Pin To Net: NetName=GND Pin=R14-2
